C51 COMPILER V9.54   INT                                                                   09/17/2022 14:04:50 PAGE 1   


C51 COMPILER V9.54, COMPILATION OF MODULE INT
OBJECT MODULE PLACED IN .\Objects\INT.obj
COMPILER INVOKED BY: C:\Keil_v5\C51\BIN\C51.EXE bsp\src\INT.c OPTIMIZE(8,SPEED) BROWSE INCDIR(.\bsp\inc;.\bsp\src;.\app\
                    -src;.\app\src;.\bsp;.\app) DEBUG OBJECTEXTEND PRINT(.\Listings\INT.lst) TABS(2) OBJECT(.\Objects\INT.obj)

line level    source

   1          #include <STC8H.H>
   2          #include "INT.H"
   3          
   4          void INT3_Init(void)
   5          {
   6   1        EA=1;
   7   1        INTCLKO=EX3;
   8   1      }


MODULE INFORMATION:   STATIC OVERLAYABLE
   CODE SIZE        =      6    ----
   CONSTANT SIZE    =   ----    ----
   XDATA SIZE       =   ----    ----
   PDATA SIZE       =   ----    ----
   DATA SIZE        =   ----    ----
   IDATA SIZE       =   ----    ----
   BIT SIZE         =   ----    ----
END OF MODULE INFORMATION.


C51 COMPILATION COMPLETE.  0 WARNING(S),  0 ERROR(S)
