C51 COMPILER V9.54   LED                                                                   09/17/2022 14:04:49 PAGE 1   


C51 COMPILER V9.54, COMPILATION OF MODULE LED
OBJECT MODULE PLACED IN .\Objects\LED.obj
COMPILER INVOKED BY: C:\Keil_v5\C51\BIN\C51.EXE bsp\src\LED.c OPTIMIZE(8,SPEED) BROWSE INCDIR(.\bsp\inc;.\bsp\src;.\app\
                    -src;.\app\src;.\bsp;.\app) DEBUG OBJECTEXTEND PRINT(.\Listings\LED.lst) TABS(2) OBJECT(.\Objects\LED.obj)

line level    source

   1          #include "name.h"
   2          
   3          
   4          void LED_Light(u8 led)
   5          {
   6   1        switch(led)
   7   1          {
   8   2          case 1:
   9   2            LED_Red=0;
  10   2            break;
  11   2          case 2:
  12   2            LED_LightGreen=0;
  13   2            break ; 
  14   2          case 3:
  15   2            LED_Green=0;
  16   2            break ; 
  17   2          } 
  18   1      }
  19          
  20          void LED_Extinguish(u8 led)
  21          {
  22   1        switch(led)
  23   1          {
  24   2          case 1:
  25   2            LED_Red=1;
  26   2            break;
  27   2          case 2:
  28   2            LED_LightGreen=1;
  29   2            break ; 
  30   2          case 3:
  31   2            LED_Green=1;
  32   2            break ; 
  33   2          } 
  34   1      }


MODULE INFORMATION:   STATIC OVERLAYABLE
   CODE SIZE        =     42    ----
   CONSTANT SIZE    =   ----    ----
   XDATA SIZE       =   ----    ----
   PDATA SIZE       =   ----    ----
   DATA SIZE        =   ----    ----
   IDATA SIZE       =   ----    ----
   BIT SIZE         =   ----    ----
END OF MODULE INFORMATION.


C51 COMPILATION COMPLETE.  0 WARNING(S),  0 ERROR(S)
