C51 COMPILER V9.54   NRF                                                                   09/17/2022 14:04:49 PAGE 1   


C51 COMPILER V9.54, COMPILATION OF MODULE NRF
OBJECT MODULE PLACED IN .\Objects\nrf.obj
COMPILER INVOKED BY: C:\Keil_v5\C51\BIN\C51.EXE bsp\src\nrf.c OPTIMIZE(8,SPEED) BROWSE INCDIR(.\bsp\inc;.\bsp\src;.\app\
                    -src;.\app\src;.\bsp;.\app) DEBUG OBJECTEXTEND PRINT(.\Listings\nrf.lst) TABS(2) OBJECT(.\Objects\nrf.obj)

line level    source

   1          #include "bsp.h"
   2          
   3          u8 code TX_ADDRESS[TX_ADR_WIDTH]  = {0x34,0x43,0x10,0x10,0x01}; // Define a static TX address
   4          u8 rx_buf[TX_PLOAD_WIDTH];
   5            
   6          /**************************************************
   7          Function: SPI_RW();
   8          
   9          Description:
  10            Writes one u8 to nRF24L01, and return the u8 read
  11            from nRF24L01 during write, according to SPI protocol
  12          /**************************************************/
  13          u8 SPI_RW(u8 byte)
  14          {
  15   1        u8 bit_ctr;
  16   1          for(bit_ctr=0;bit_ctr<8;bit_ctr++)   // output 8-bit
  17   1          {
  18   2            MOSI = (byte & 0x80);         // output 'u8', MSB to MOSI
  19   2            byte = (byte << 1);           // shift next bit into MSB..
  20   2            SCK = 1;                      // Set SCK high..
  21   2            byte |= MISO;             // capture current MISO bit
  22   2            SCK = 0;                  // ..then set SCK low again
  23   2          }
  24   1          return(byte);                 // return read u8
  25   1      }
  26          /**************************************************/
  27          
  28          /**************************************************
  29          Function: SPI_RW_Reg();
  30          
  31          Description:
  32            Writes value 'value' to register 'reg'
  33          /**************************************************/
  34          u8 SPI_RW_Reg(u8 reg, u8 value)
  35          {
  36   1        u8 status;
  37   1      
  38   1          CSN = 0;                   // CSN low, init SPI transaction
  39   1          status = SPI_RW(reg);      // select register
  40   1          SPI_RW(value);             // ..and write value to it..
  41   1          CSN = 1;                   // CSN high again
  42   1      
  43   1          return(status);            // return nRF24L01 status u8
  44   1      }
  45          /**************************************************/
  46          
  47          /**************************************************
  48          Function: SPI_Read();
  49          
  50          Description:
  51            Read one u8 from nRF24L01 register, 'reg'
  52          /**************************************************/
  53          u8 SPI_Read(u8 reg)
  54          {
C51 COMPILER V9.54   NRF                                                                   09/17/2022 14:04:49 PAGE 2   

  55   1        u8 reg_val;
  56   1      
  57   1          CSN = 0;                // CSN low, initialize SPI communication...
  58   1          SPI_RW(reg);            // Select register to read from..
  59   1          reg_val = SPI_RW(0);    // ..then read registervalue
  60   1          CSN = 1;                // CSN high, terminate SPI communication
  61   1      
  62   1          return(reg_val);        // return register value
  63   1      }
  64          /**************************************************/
  65          
  66          /**************************************************
  67          Function: SPI_Read_Buf();
  68          
  69          Description:
  70            Reads 'u8s' #of u8s from register 'reg'
  71            Typically used to read RX payload, Rx/Tx address
  72          /**************************************************/
  73          u8 SPI_Read_Buf(u8 reg, u8 *pBuf, u8 u8s)
  74          {
  75   1        u8 status,u8_ctr;
  76   1      
  77   1          CSN = 0;                        // Set CSN low, init SPI tranaction
  78   1          status = SPI_RW(reg);           // Select register to write to and read status u8
  79   1      
  80   1          for(u8_ctr=0;u8_ctr<u8s;u8_ctr++)
  81   1            pBuf[u8_ctr] = SPI_RW(0);    // Perform SPI_RW to read u8 from nRF24L01
  82   1      
  83   1          CSN = 1;                           // Set CSN high again
  84   1      
  85   1          return(status);                    // return nRF24L01 status u8
  86   1      }
  87          /**************************************************/
  88          
  89          /**************************************************
  90          Function: SPI_Write_Buf();
  91          
  92          Description:
  93            Writes contents of buffer '*pBuf' to nRF24L01
  94            Typically used to write TX payload, Rx/Tx address
  95          /**************************************************/
  96          u8 SPI_Write_Buf(u8 reg, u8 *pBuf, u8 u8s)
  97          {
  98   1        u8 status,u8_ctr;
  99   1      
 100   1          CSN = 0;                   // Set CSN low, init SPI tranaction
 101   1          status = SPI_RW(reg);    // Select register to write to and read status u8
 102   1          for(u8_ctr=0; u8_ctr<u8s; u8_ctr++) // then write all u8 in buffer(*pBuf)
 103   1            SPI_RW(*pBuf++);
 104   1          CSN = 1;                 // Set CSN high again
 105   1          return(status);          // return nRF24L01 status u8
 106   1      }
 107          /**************************************************/
 108          
 109          /**************************************************
 110          Function: RX_Mode();
 111          
 112          Description:
 113            This function initializes one nRF24L01 device to
 114            RX Mode, set RX address, writes RX payload width,
 115            select RF channel, datarate & LNA HCURR.
 116            After init, CE is toggled high, which means that
C51 COMPILER V9.54   NRF                                                                   09/17/2022 14:04:49 PAGE 3   

 117            this device is now ready to receive a datapacket.
 118          /**************************************************/
 119          void RX_Mode(void)
 120          {
 121   1          CE = 0;
 122   1          SPI_Write_Buf(WRITE_REG + TX_ADDR, TX_ADDRESS, TX_ADR_WIDTH);    // Writes TX_Address to nRF24L01
 123   1          SPI_Write_Buf(WRITE_REG + RX_ADDR_P0, TX_ADDRESS, TX_ADR_WIDTH); // Use the same address on the RX devic
             -e as the TX device
 124   1      
 125   1          SPI_RW_Reg(WRITE_REG + EN_AA, 0x01);      // Enable Auto.Ack:Pipe0
 126   1          SPI_RW_Reg(WRITE_REG + EN_RXADDR, 0x01);  // Enable Pipe0
 127   1          SPI_RW_Reg(WRITE_REG + RF_CH, 40);        // Select RF channel 40
 128   1          SPI_RW_Reg(WRITE_REG + RX_PW_P0, TX_PLOAD_WIDTH); // Select same RX payload width as TX Payload width
 129   1          SPI_RW_Reg(WRITE_REG + RF_SETUP, 0x07);   // TX_PWR:0dBm, Datarate:2Mbps, LNA:HCURR
 130   1          SPI_RW_Reg(WRITE_REG + CONFIG, 0x0f);     // Set PWR_UP bit, enable CRC(2 u8s) & Prim:RX. RX_DR enabled
             -..
 131   1      
 132   1          CE = 1; // Set CE pin high to enable RX device
 133   1        
 134   1        //  This device is now ready to receive one packet of 16 u8s payload from a TX device sending to address
 135   1        //  '3443101001', with auto acknowledgment, retransmit count of 10, RF channel 40 and datarate = 2Mbps.
 136   1      
 137   1      }
 138          /**************************************************/
 139          
 140          /**************************************************
 141          Function: TX_Mode();
 142          
 143          Description:
 144            This function initializes one nRF24L01 device to
 145            TX mode, set TX address, set RX address for auto.ack,
 146            fill TX payload, select RF channel, datarate & TX pwr.
 147            PWR_UP is set, CRC(2 u8s) is enabled, & PRIM:TX.
 148          
 149            ToDo: One high pulse(>10us) on CE will now send this
 150            packet and expext an acknowledgment from the RX device.
 151          /**************************************************/
 152          //void TX_Mode(void)
 153          //{
 154          //  CE=0;
 155          //  
 156          //    SPI_Write_Buf(WRITE_REG + TX_ADDR, TX_ADDRESS, TX_ADR_WIDTH);    // Writes TX_Address to nRF24L01
 157          //    SPI_Write_Buf(WRITE_REG + RX_ADDR_P0, TX_ADDRESS, TX_ADR_WIDTH); // RX_Addr0 same as TX_Adr for Auto.
             -Ack
 158          //    SPI_Write_Buf(WR_TX_PLOAD, tx_buf, TX_PLOAD_WIDTH); // Writes data to TX payload
 159          
 160          //    SPI_RW_Reg(WRITE_REG + EN_AA, 0x01);      // Enable Auto.Ack:Pipe0
 161          //    SPI_RW_Reg(WRITE_REG + EN_RXADDR, 0x01);  // Enable Pipe0
 162          //    SPI_RW_Reg(WRITE_REG + SETUP_RETR, 0x1a); // 500us + 86us, 10 retrans...
 163          //    SPI_RW_Reg(WRITE_REG + RF_CH, 40);        // Select RF channel 40
 164          //    SPI_RW_Reg(WRITE_REG + RF_SETUP, 0x07);   // TX_PWR:0dBm, Datarate:2Mbps, LNA:HCURR
 165          //    SPI_RW_Reg(WRITE_REG + CONFIG, 0x0e);     // Set PWR_UP bit, enable CRC(2 u8s) & Prim:TX. MAX_RT & TX
             -_DS enabled..
 166          //  CE=1;
 167          
 168          //}
 169          /**************************************************/
 170          
 171          void NRF_Init(void)
 172          {
 173   1        CE = 0;       // chip enable
 174   1        CSN = 1;      // Spi disable  
C51 COMPILER V9.54   NRF                                                                   09/17/2022 14:04:49 PAGE 4   

 175   1        SCK = 1;      // Spi clock line init high
 176   1      }
 177          
 178          
 179          BUF NRF_Receive(void)
 180          {
 181   1        u8 sta;
 182   1        BUF buf;
 183   1        
 184   1        sta=SPI_Read(STATUS);   //读取芯片的状态寄存器  
 185   1          if((sta & 0x40) != 0)   //是否发生了接收数据完成的中断
 186   1          {   
 187   2                  //是的话，将收到的数据存到数组rx_buf里
 188   2            SPI_Read_Buf(RD_RX_PLOAD,rx_buf,TX_PLOAD_WIDTH);
 189   2            
 190   2          }
 191   1          buf.sw1=rx_buf[0];
 192   1          buf.sw2=rx_buf[1];
 193   1          
 194   1          buf.left=rx_buf[3];
 195   1          buf.left<<=8;
 196   1          buf.left|=rx_buf[2];
 197   1          //为了左摇杆的值上下都为100，所以除以200
 198   1          buf.left=(long int)buf.left*200/0x03FF;
 199   1          
 200   1          buf.middle=rx_buf[5];
 201   1          buf.middle<<=8;
 202   1          buf.middle|=rx_buf[4];
 203   1          //中摇杆ad值设为速度
 204   1          buf.middle=(long int)buf.middle*34/0x03FF;
 205   1          
 206   1          buf.right=rx_buf[7];
 207   1          buf.right<<=8;
 208   1          buf.right|=rx_buf[6];
 209   1          //为了右摇杆的值上下都为100，所以除以200
 210   1          buf.right=(long int)buf.right*200/0x03FF;
 211   1          
 212   1          
 213   1          SPI_RW_Reg(FLUSH_RX,0xff);  //清除接收缓冲器
 214   1          SPI_RW_Reg(WRITE_REG+STATUS,sta);//清除接收中断标志
 215   1          Delay_ms(20); //必须有的延时，延时20ms可基本收完数据，有时会出现0x00
 216   1          
 217   1        return buf;
 218   1      }


MODULE INFORMATION:   STATIC OVERLAYABLE
   CODE SIZE        =    431    ----
   CONSTANT SIZE    =      5    ----
   XDATA SIZE       =   ----    ----
   PDATA SIZE       =   ----    ----
   DATA SIZE        =      8      19
   IDATA SIZE       =   ----    ----
   BIT SIZE         =   ----    ----
END OF MODULE INFORMATION.


C51 COMPILATION COMPLETE.  0 WARNING(S),  0 ERROR(S)
