C51 COMPILER V9.54   UART                                                                  10/08/2022 21:07:24 PAGE 1   


C51 COMPILER V9.54, COMPILATION OF MODULE UART
OBJECT MODULE PLACED IN .\Objects\UART.obj
COMPILER INVOKED BY: C:\Keil_v5\C51\BIN\C51.EXE bsp\src\UART.c OPTIMIZE(8,SPEED) BROWSE INCDIR(.\bsp\inc;.\bsp\src;.\app
                    -\src;.\app\src;.\bsp;.\app) DEBUG OBJECTEXTEND PRINT(.\Listings\UART.lst) TABS(2) OBJECT(.\Objects\UART.obj)

line level    source

   1          #include <STC8H.h>
   2          #include "bsp.h"
   3          
   4          
   5          
   6          
   7          /**
   8            * @brief  UART串口通信初始化
   9            * @param  无
  10            * @retval 无
  11            */
  12          void UART_Init()
  13          {
  14   1        SCON = 0x50;    //8位数据,可变波特率
  15   1        AUXR |= 0x01;   //串口1选择定时器2为波特率发生器
  16   1        AUXR |= 0x04;   //定时器时钟1T模式
  17   1        T2L = 0xE8;   //设置定时初始值
  18   1        T2H = 0xFF;   //设置定时初始值
  19   1        AUXR |= 0x10;   //定时器2开始计时
  20   1      }
  21          
  22          /**
  23            * @brief 串口发送数据 
  24            * @param  Byte,发送的数据
  25            * @retval
  26            */
  27          void UART_Send(int dat)
  28          {
  29   1      //  while(busy);
  30   1      //  busy=1;
  31   1        SBUF=dat;
  32   1        while(TI==0); //判断数据有没有发送完
  33   1        TI=1;
  34   1      }


MODULE INFORMATION:   STATIC OVERLAYABLE
   CODE SIZE        =     27    ----
   CONSTANT SIZE    =   ----    ----
   XDATA SIZE       =   ----    ----
   PDATA SIZE       =   ----    ----
   DATA SIZE        =   ----    ----
   IDATA SIZE       =   ----    ----
   BIT SIZE         =   ----    ----
END OF MODULE INFORMATION.


C51 COMPILATION COMPLETE.  0 WARNING(S),  0 ERROR(S)
