C51 COMPILER V9.54   BSP                                                                   10/08/2022 21:07:13 PAGE 1   


C51 COMPILER V9.54, COMPILATION OF MODULE BSP
OBJECT MODULE PLACED IN .\Objects\bsp.obj
COMPILER INVOKED BY: C:\Keil_v5\C51\BIN\C51.EXE bsp\src\bsp.c OPTIMIZE(8,SPEED) BROWSE INCDIR(.\app\src;.\bsp\inc;.\bsp\
                    -src) DEBUG OBJECTEXTEND PRINT(.\Listings\bsp.lst) TABS(2) OBJECT(.\Objects\bsp.obj)

line level    source

   1          #include "bsp.h"
   2          
   3          
   4          /**
   5            * @brief  初始化项目
   6            * @param  无
   7            * @retval 无
   8            */ 
   9            void BSP_Init(void)
  10            {
  11   1          //初始化端口
  12   1          Port_Config();  
  13   1          //初始化ADC
  14   1          ADC_Init();
  15   1          //初始化UART串口
  16   1          UART_Init();
  17   1          //初始化NRF
  18   1          NRF_Init();   
  19   1        }


MODULE INFORMATION:   STATIC OVERLAYABLE
   CODE SIZE        =     12    ----
   CONSTANT SIZE    =   ----    ----
   XDATA SIZE       =   ----    ----
   PDATA SIZE       =   ----    ----
   DATA SIZE        =   ----    ----
   IDATA SIZE       =   ----    ----
   BIT SIZE         =   ----    ----
END OF MODULE INFORMATION.


C51 COMPILATION COMPLETE.  0 WARNING(S),  0 ERROR(S)
