C51 COMPILER V9.54   LED                                                                   10/08/2022 21:07:13 PAGE 1   


C51 COMPILER V9.54, COMPILATION OF MODULE LED
OBJECT MODULE PLACED IN .\Objects\LED.obj
COMPILER INVOKED BY: C:\Keil_v5\C51\BIN\C51.EXE bsp\src\LED.c OPTIMIZE(8,SPEED) BROWSE INCDIR(.\app\src;.\bsp\inc;.\bsp\
                    -src) DEBUG OBJECTEXTEND PRINT(.\Listings\LED.lst) TABS(2) OBJECT(.\Objects\LED.obj)

line level    source

   1          #include "name.h"
   2          
   3          /**
   4            * @brief LEDµ„¡¡ 
   5            * @param  Œﬁ
   6            * @retval Œﬁ
   7            */
   8          void LED_Light(u8 led)
   9          {
  10   1        switch(led)
  11   1          {
  12   2          case 1:
  13   2            LED_Red=0;
  14   2            break;
  15   2          case 2:
  16   2            LED_LightGreen=0;
  17   2            break ; 
  18   2          } 
  19   1      }


MODULE INFORMATION:   STATIC OVERLAYABLE
   CODE SIZE        =     14    ----
   CONSTANT SIZE    =   ----    ----
   XDATA SIZE       =   ----    ----
   PDATA SIZE       =   ----    ----
   DATA SIZE        =   ----    ----
   IDATA SIZE       =   ----    ----
   BIT SIZE         =   ----    ----
END OF MODULE INFORMATION.


C51 COMPILATION COMPLETE.  0 WARNING(S),  0 ERROR(S)
