C51 COMPILER V9.54   MAIN                                                                  09/16/2022 10:54:04 PAGE 1   


C51 COMPILER V9.54, COMPILATION OF MODULE MAIN
OBJECT MODULE PLACED IN .\Objects\main.obj
COMPILER INVOKED BY: H:\keil5\C51\BIN\C51.EXE app\src\main.c OPTIMIZE(8,SPEED) BROWSE INCDIR(.\app\src;.\bsp\inc;.\bsp\s
                    -rc) DEBUG OBJECTEXTEND PRINT(.\Listings\main.lst) TABS(2) OBJECT(.\Objects\main.obj)

line level    source

   1          #include "bsp.h"
   2          
   3          AnalogStick analogStick;
   4          BUF buf;
   5          /**************************************************
   6          Function: main();
   7          
   8          Description:
   9            control all subprogrammes;
  10          /**************************************************/
  11          void main(void)
  12          {
  13   1        BSP_Init();
  14   1        Delay_ms(1000); 
  15   1        TX_Mode();
  16   1        LED_Light(LIGHT_GREEN);
  17   1      LED_Red=0;
  18   1        while(1)
  19   1        {
  20   2        analogStick=Analog_Stick(); 
  21   2      //  if(buf.sw1!=SW1_Down()||buf.sw2!=SW2_Down()|| buf.left!=analogStick.left||buf.middle!=analogStick.middl
             -e|| buf.right!=analogStick.right)   
  22   2      //    {
  23   2      //      
  24   2            NRF_Send(SW1_Down(),SW2_Down(),analogStick);
  25   2      
  26   2          //  LED_LightGreen=~LED_LightGreen;
  27   2      //    }
  28   2      //  buf.sw1=SW1_Down();
  29   2      //  buf.sw2=SW2_Down();
  30   2      //  buf.left=analogStick.left;
  31   2      //  buf.middle=analogStick.middle;
  32   2      //  buf.right=analogStick.right;
  33   2      
  34   2      
  35   2      
  36   2        }
  37   1      }
  38            


MODULE INFORMATION:   STATIC OVERLAYABLE
   CODE SIZE        =     76    ----
   CONSTANT SIZE    =   ----    ----
   XDATA SIZE       =   ----    ----
   PDATA SIZE       =   ----    ----
   DATA SIZE        =     14    ----
   IDATA SIZE       =   ----    ----
   BIT SIZE         =   ----    ----
END OF MODULE INFORMATION.


C51 COMPILATION COMPLETE.  0 WARNING(S),  0 ERROR(S)
