C51 COMPILER V9.54   SW                                                                    09/14/2022 11:10:26 PAGE 1   


C51 COMPILER V9.54, COMPILATION OF MODULE SW
OBJECT MODULE PLACED IN .\Objects\SW.obj
COMPILER INVOKED BY: H:\keil5\C51\BIN\C51.EXE bsp\src\SW.c OPTIMIZE(8,SPEED) BROWSE INCDIR(.\app\src;.\bsp\inc;.\bsp\src
                    -) DEBUG OBJECTEXTEND PRINT(.\Listings\SW.lst) TABS(2) OBJECT(.\Objects\SW.obj)

line level    source

   1          #include "name.h"
   2          #include "delay.h"
   3          
   4          /**
   5            * @brief  检测SW1按下
   6            * @param  无
   7            * @retval 返回SW1
   8            */
   9          u8 SW1_Down(void)
  10          {
  11   1        Delay_ms(20);
  12   1        return ~SW1;
  13   1      
  14   1      }
  15          
  16          /**
  17            * @brief  检测SW1按下
  18            * @param  无
  19            * @retval 返回SW2
  20            */
  21          u8 SW2_Down(void)
  22          {
  23   1        Delay_ms(20);
  24   1        return ~SW2;
  25   1      
  26   1      }


MODULE INFORMATION:   STATIC OVERLAYABLE
   CODE SIZE        =     28    ----
   CONSTANT SIZE    =   ----    ----
   XDATA SIZE       =   ----    ----
   PDATA SIZE       =   ----    ----
   DATA SIZE        =   ----    ----
   IDATA SIZE       =   ----    ----
   BIT SIZE         =   ----    ----
END OF MODULE INFORMATION.


C51 COMPILATION COMPLETE.  0 WARNING(S),  0 ERROR(S)
