C51 COMPILER V9.54   UART                                                                  10/08/2022 21:07:13 PAGE 1   


C51 COMPILER V9.54, COMPILATION OF MODULE UART
OBJECT MODULE PLACED IN .\Objects\UART.obj
COMPILER INVOKED BY: C:\Keil_v5\C51\BIN\C51.EXE bsp\src\UART.c OPTIMIZE(8,SPEED) BROWSE INCDIR(.\app\src;.\bsp\inc;.\bsp
                    -\src) DEBUG OBJECTEXTEND PRINT(.\Listings\UART.lst) TABS(2) OBJECT(.\Objects\UART.obj)

line level    source

   1          #include "bsp.h"
   2          
   3          
   4          /**
   5            * @brief  UART串口通信初始化
   6            * @param  无
   7            * @retval 无
   8            */
   9          void UART_Init()
  10          {
  11   1        SCON = 0x50;    //8位数据,可变波特率
  12   1        AUXR |= 0x01;   //串口1选择定时器2为波特率发生器
  13   1        AUXR |= 0x04;   //定时器时钟1T模式
  14   1        T2L = 0xE8;   //设置定时初始值
  15   1        T2H = 0xFF;   //设置定时初始值
  16   1        AUXR |= 0x10;   //定时器2开始计时
  17   1      
  18   1      }
  19          
  20          /**
  21            * @brief 串口发送数据 
  22            * @param  Byte,发送的数据
  23            * @retval
  24            */
  25          void UART_Send(unsigned int dat)
  26          {
  27   1        SBUF=dat;
  28   1        while(TI==0); //判断数据有没有发送完
  29   1        TI=1;
  30   1      }


MODULE INFORMATION:   STATIC OVERLAYABLE
   CODE SIZE        =     27    ----
   CONSTANT SIZE    =   ----    ----
   XDATA SIZE       =   ----    ----
   PDATA SIZE       =   ----    ----
   DATA SIZE        =   ----    ----
   IDATA SIZE       =   ----    ----
   BIT SIZE         =   ----    ----
END OF MODULE INFORMATION.


C51 COMPILATION COMPLETE.  0 WARNING(S),  0 ERROR(S)
